<?xml version="1.0" encoding="UTF-8"?>
<testng-results skipped="0" failed="0" ignored="9" total="10" passed="1">
  <reporter-output>
  </reporter-output>
  <suite name="test suite" duration-ms="9381" started-at="2018-02-13T15:22:04Z" finished-at="2018-02-13T15:22:13Z">
    <groups>
    </groups>
    <test name="test" duration-ms="9381" started-at="2018-02-13T15:22:04Z" finished-at="2018-02-13T15:22:13Z">
      <class name="restAssuredTests">
        <test-method status="PASS" signature="setupURL()[pri:0, instance:restAssuredTests@13fee20c]" name="setupURL" is-config="true" duration-ms="2390" started-at="2018-02-13T17:22:04Z" finished-at="2018-02-13T17:22:06Z">
          <reporter-output>
          </reporter-output>
        </test-method> <!-- setupURL -->
        <test-method status="PASS" signature="testCreatePost()[pri:0, instance:restAssuredTests@13fee20c]" name="testCreatePost" duration-ms="6950" started-at="2018-02-13T17:22:06Z" finished-at="2018-02-13T17:22:13Z">
          <reporter-output>
          </reporter-output>
        </test-method> <!-- testCreatePost -->
      </class> <!-- restAssuredTests -->
    </test> <!-- test -->
  </suite> <!-- test suite -->
</testng-results>
