<?xml version="1.0" encoding="UTF-8"?>
<!-- Generated by org.testng.reporters.JUnitXMLReporter -->
<testsuite hostname="EPUAKHAW5257" ignored="9" tests="1" failures="0" timestamp="13 Feb 2018 15:22:13 GMT" time="9.381" errors="0">
  <testcase name="testCreatePost" time="6.95" classname="restAssuredTests"/>
  <testcase name="testUpdatePut" time="0.0" classname="restAssuredTests">
    <ignored/>
  </testcase> <!-- testUpdatePut -->
  <testcase name="testUpdatePatch" time="0.0" classname="restAssuredTests">
    <ignored/>
  </testcase> <!-- testUpdatePatch -->
  <testcase name="testLoginSuccessfulPost" time="0.0" classname="restAssuredTests">
    <ignored/>
  </testcase> <!-- testLoginSuccessfulPost -->
  <testcase name="testResponseHeaderDataShouldBeCorrect" time="0.0" classname="restAssuredTests">
    <ignored/>
  </testcase> <!-- testResponseHeaderDataShouldBeCorrect -->
  <testcase name="testResponseHeaderDataIncorrect" time="0.0" classname="restAssuredTests">
    <ignored/>
  </testcase> <!-- testResponseHeaderDataIncorrect -->
  <testcase name="testDelete" time="0.0" classname="restAssuredTests">
    <ignored/>
  </testcase> <!-- testDelete -->
  <testcase name="testGetAllPosts" time="0.0" classname="restAssuredTests">
    <ignored/>
  </testcase> <!-- testGetAllPosts -->
  <testcase name="testGetPostById" time="0.0" classname="restAssuredTests">
    <ignored/>
  </testcase> <!-- testGetPostById -->
  <testcase name="testUpdatePost" time="0.0" classname="restAssuredTests">
    <ignored/>
  </testcase> <!-- testUpdatePost -->
</testsuite>
